{"device-id": 1, "lat": 12, "long": 33, "scale": "Celius", "temp": 12, "word": "a"}
{"device-id": 2, "lat": 79, "long": 35, "scale": "Celius", "temp": 33, "word": "able"}
{"device-id": 3, "lat": 95, "long": 26, "scale": "Celius", "temp": 22, "word": "about"}
{"device-id": 4, "lat": 14, "long": 85, "scale": "Celius", "temp": 25, "word": "across"}
{"device-id": 5, "lat": 86, "long": 76, "scale": "Celius", "temp": 15, "word": "after"}
{"device-id": 6, "lat": 33, "long": 58, "scale": "Celius", "temp": 14, "word": "all"}
{"device-id": 7, "lat": 69, "long": 33, "scale": "Celius", "temp": 11, "word": "almost"}
{"device-id": 8, "lat": 14, "long": 1, "scale": "Celius", "temp": 20, "word": "also"}
{"device-id": 9, "lat": 71, "long": 91, "scale": "Celius", "temp": 31, "word": "am"}
{"device-id": 10, "lat": 25, "long": 69, "scale": "Celius", "temp": 31, "word": "among"}
{"device-id": 11, "lat": 17, "long": 32, "scale": "Celius", "temp": 24, "word": "an"}
{"device-id": 12, "lat": 29, "long": 56, "scale": "Celius", "temp": 33, "word": "and"}
{"device-id": 13, "lat": 65, "long": 37, "scale": "Celius", "temp": 15, "word": "any"}
{"device-id": 14, "lat": 75, "long": 40, "scale": "Celius", "temp": 34, "word": "are"}
{"device-id": 15, "lat": 79, "long": 19, "scale": "Celius", "temp": 29, "word": "as"}
{"device-id": 16, "lat": 25, "long": 87, "scale": "Celius", "temp": 15, "word": "at"}
{"device-id": 17, "lat": 22, "long": 55, "scale": "Celius", "temp": 27, "word": "be"}
{"device-id": 18, "lat": 90, "long": 20, "scale": "Celius", "temp": 29, "word": "because"}
{"device-id": 19, "lat": 35, "long": 14, "scale": "Celius", "temp": 30, "word": "been"}
{"device-id": 20, "lat": 6, "long": 94, "scale": "Celius", "temp": 16, "word": "but"}
{"device-id": 21, "lat": 42, "long": 29, "scale": "Celius", "temp": 32, "word": "by"}
{"device-id": 22, "lat": 67, "long": 62, "scale": "Celius", "temp": 33, "word": "can"}
{"device-id": 23, "lat": 95, "long": 41, "scale": "Celius", "temp": 27, "word": "cannot"}
{"device-id": 24, "lat": 21, "long": 57, "scale": "Celius", "temp": 13, "word": "could"}
{"device-id": 25, "lat": 49, "long": 81, "scale": "Celius", "temp": 31, "word": "dear"}
{"device-id": 26, "lat": 61, "long": 14, "scale": "Celius", "temp": 29, "word": "did"}
{"device-id": 27, "lat": 60, "long": 14, "scale": "Celius", "temp": 33, "word": "do"}
{"device-id": 28, "lat": 44, "long": 85, "scale": "Celius", "temp": 16, "word": "does"}
{"device-id": 29, "lat": 22, "long": 23, "scale": "Celius", "temp": 16, "word": "either"}
{"device-id": 30, "lat": 46, "long": 97, "scale": "Celius", "temp": 10, "word": "else"}
{"device-id": 31, "lat": 64, "long": 28, "scale": "Celius", "temp": 28, "word": "ever"}
{"device-id": 32, "lat": 8, "long": 53, "scale": "Celius", "temp": 14, "word": "every"}
{"device-id": 33, "lat": 61, "long": 33, "scale": "Celius", "temp": 13, "word": "for"}
{"device-id": 34, "lat": 23, "long": 67, "scale": "Celius", "temp": 28, "word": "from"}
{"device-id": 35, "lat": 53, "long": 33, "scale": "Celius", "temp": 12, "word": "get"}
{"device-id": 36, "lat": 86, "long": 48, "scale": "Celius", "temp": 20, "word": "got"}
{"device-id": 37, "lat": 29, "long": 42, "scale": "Celius", "temp": 20, "word": "had"}
{"device-id": 38, "lat": 24, "long": 3, "scale": "Celius", "temp": 19, "word": "has"}
{"device-id": 39, "lat": 60, "long": 70, "scale": "Celius", "temp": 13, "word": "have"}
{"device-id": 40, "lat": 63, "long": 66, "scale": "Celius", "temp": 15, "word": "he"}
{"device-id": 41, "lat": 52, "long": 69, "scale": "Celius", "temp": 23, "word": "her"}
{"device-id": 42, "lat": 80, "long": 58, "scale": "Celius", "temp": 31, "word": "hers"}
{"device-id": 43, "lat": 61, "long": 67, "scale": "Celius", "temp": 21, "word": "him"}
{"device-id": 44, "lat": 35, "long": 57, "scale": "Celius", "temp": 29, "word": "his"}
{"device-id": 45, "lat": 80, "long": 6, "scale": "Celius", "temp": 33, "word": "how"}
{"device-id": 46, "lat": 49, "long": 65, "scale": "Celius", "temp": 34, "word": "however"}
{"device-id": 47, "lat": 77, "long": 54, "scale": "Celius", "temp": 28, "word": "i"}
{"device-id": 48, "lat": 4, "long": 35, "scale": "Celius", "temp": 33, "word": "if"}
{"device-id": 49, "lat": 44, "long": 79, "scale": "Celius", "temp": 17, "word": "in"}
{"device-id": 50, "lat": 77, "long": 21, "scale": "Celius", "temp": 17, "word": "into"}
{"device-id": 51, "lat": 46, "long": 2, "scale": "Celius", "temp": 15, "word": "is"}
{"device-id": 52, "lat": 80, "long": 54, "scale": "Celius", "temp": 22, "word": "it"}
{"device-id": 53, "lat": 6, "long": 30, "scale": "Celius", "temp": 17, "word": "its"}
{"device-id": 54, "lat": 1, "long": 26, "scale": "Celius", "temp": 29, "word": "just"}
{"device-id": 55, "lat": 61, "long": 50, "scale": "Celius", "temp": 22, "word": "least"}
{"device-id": 56, "lat": 18, "long": 33, "scale": "Celius", "temp": 15, "word": "let"}
{"device-id": 57, "lat": 21, "long": 50, "scale": "Celius", "temp": 28, "word": "like"}
{"device-id": 58, "lat": 52, "long": 20, "scale": "Celius", "temp": 31, "word": "likely"}
{"device-id": 59, "lat": 0, "long": 85, "scale": "Celius", "temp": 16, "word": "may"}
{"device-id": 60, "lat": 61, "long": 12, "scale": "Celius", "temp": 21, "word": "me"}
{"device-id": 61, "lat": 42, "long": 15, "scale": "Celius", "temp": 16, "word": "might"}
{"device-id": 62, "lat": 99, "long": 3, "scale": "Celius", "temp": 33, "word": "most"}
{"device-id": 63, "lat": 16, "long": 14, "scale": "Celius", "temp": 13, "word": "must"}
{"device-id": 64, "lat": 90, "long": 37, "scale": "Celius", "temp": 17, "word": "my"}
{"device-id": 65, "lat": 6, "long": 9, "scale": "Celius", "temp": 22, "word": "neither"}
{"device-id": 66, "lat": 22, "long": 36, "scale": "Celius", "temp": 12, "word": "no"}
{"device-id": 67, "lat": 13, "long": 92, "scale": "Celius", "temp": 13, "word": "nor"}
{"device-id": 68, "lat": 53, "long": 46, "scale": "Celius", "temp": 22, "word": "not"}
{"device-id": 69, "lat": 15, "long": 70, "scale": "Celius", "temp": 31, "word": "of"}
{"device-id": 70, "lat": 21, "long": 51, "scale": "Celius", "temp": 33, "word": "off"}
{"device-id": 71, "lat": 31, "long": 51, "scale": "Celius", "temp": 29, "word": "often"}
{"device-id": 72, "lat": 37, "long": 19, "scale": "Celius", "temp": 14, "word": "on"}
{"device-id": 73, "lat": 19, "long": 25, "scale": "Celius", "temp": 24, "word": "only"}
{"device-id": 74, "lat": 26, "long": 83, "scale": "Celius", "temp": 11, "word": "or"}
{"device-id": 75, "lat": 84, "long": 36, "scale": "Celius", "temp": 34, "word": "other"}
{"device-id": 76, "lat": 6, "long": 84, "scale": "Celius", "temp": 33, "word": "our"}
{"device-id": 77, "lat": 48, "long": 26, "scale": "Celius", "temp": 13, "word": "own"}
{"device-id": 78, "lat": 1, "long": 56, "scale": "Celius", "temp": 33, "word": "rather"}
{"device-id": 79, "lat": 41, "long": 38, "scale": "Celius", "temp": 30, "word": "said"}
{"device-id": 80, "lat": 89, "long": 86, "scale": "Celius", "temp": 22, "word": "say"}
{"device-id": 81, "lat": 28, "long": 46, "scale": "Celius", "temp": 32, "word": "says"}
{"device-id": 82, "lat": 38, "long": 18, "scale": "Celius", "temp": 10, "word": "she"}
{"device-id": 83, "lat": 88, "long": 56, "scale": "Celius", "temp": 33, "word": "should"}
{"device-id": 84, "lat": 25, "long": 89, "scale": "Celius", "temp": 23, "word": "since"}
{"device-id": 85, "lat": 82, "long": 19, "scale": "Celius", "temp": 20, "word": "so"}
{"device-id": 86, "lat": 76, "long": 60, "scale": "Celius", "temp": 13, "word": "some"}
{"device-id": 87, "lat": 97, "long": 63, "scale": "Celius", "temp": 27, "word": "than"}
{"device-id": 88, "lat": 86, "long": 37, "scale": "Celius", "temp": 12, "word": "that"}
{"device-id": 89, "lat": 9, "long": 82, "scale": "Celius", "temp": 25, "word": "the"}
{"device-id": 90, "lat": 88, "long": 38, "scale": "Celius", "temp": 16, "word": "their"}
{"device-id": 91, "lat": 23, "long": 36, "scale": "Celius", "temp": 13, "word": "them"}
{"device-id": 92, "lat": 97, "long": 11, "scale": "Celius", "temp": 24, "word": "then"}
{"device-id": 93, "lat": 9, "long": 76, "scale": "Celius", "temp": 16, "word": "there"}
{"device-id": 94, "lat": 90, "long": 79, "scale": "Celius", "temp": 29, "word": "these"}
{"device-id": 95, "lat": 14, "long": 30, "scale": "Celius", "temp": 23, "word": "they"}
{"device-id": 96, "lat": 63, "long": 0, "scale": "Celius", "temp": 22, "word": "this"}
{"device-id": 97, "lat": 22, "long": 82, "scale": "Celius", "temp": 22, "word": "tis"}
{"device-id": 98, "lat": 34, "long": 6, "scale": "Celius", "temp": 32, "word": "to"}
{"device-id": 99, "lat": 47, "long": 14, "scale": "Celius", "temp": 34, "word": "too"}
{"device-id": 100, "lat": 49, "long": 73, "scale": "Celius", "temp": 14, "word": "twas"}
{"device-id": 101, "lat": 91, "long": 8, "scale": "Celius", "temp": 33, "word": "us"}
{"device-id": 102, "lat": 75, "long": 60, "scale": "Celius", "temp": 12, "word": "wants"}
{"device-id": 103, "lat": 15, "long": 8, "scale": "Celius", "temp": 15, "word": "was"}
{"device-id": 104, "lat": 66, "long": 18, "scale": "Celius", "temp": 17, "word": "we"}
{"device-id": 105, "lat": 4, "long": 47, "scale": "Celius", "temp": 11, "word": "were"}
{"device-id": 106, "lat": 88, "long": 43, "scale": "Celius", "temp": 30, "word": "what"}
{"device-id": 107, "lat": 50, "long": 30, "scale": "Celius", "temp": 34, "word": "when"}
{"device-id": 108, "lat": 56, "long": 60, "scale": "Celius", "temp": 33, "word": "where"}
{"device-id": 109, "lat": 16, "long": 81, "scale": "Celius", "temp": 30, "word": "which"}
{"device-id": 110, "lat": 36, "long": 95, "scale": "Celius", "temp": 28, "word": "while"}
{"device-id": 111, "lat": 26, "long": 98, "scale": "Celius", "temp": 21, "word": "who"}
{"device-id": 112, "lat": 91, "long": 34, "scale": "Celius", "temp": 29, "word": "whom"}
{"device-id": 113, "lat": 62, "long": 18, "scale": "Celius", "temp": 33, "word": "why"}
{"device-id": 114, "lat": 52, "long": 11, "scale": "Celius", "temp": 28, "word": "will"}
{"device-id": 115, "lat": 17, "long": 57, "scale": "Celius", "temp": 20, "word": "with"}
{"device-id": 116, "lat": 92, "long": 48, "scale": "Celius", "temp": 22, "word": "would"}
{"device-id": 117, "lat": 58, "long": 23, "scale": "Celius", "temp": 12, "word": "yet"}
{"device-id": 118, "lat": 30, "long": 80, "scale": "Celius", "temp": 26, "word": "you"}
{"device-id": 119, "lat": 98, "long": 60, "scale": "Celius", "temp": 33, "word": "your"}
{"device-id": 120, "lat": 74, "long": 67, "scale": "Celius", "temp": 27, "word": "jules"}
